<testsuites id="" name="" tests="30" failures="0" skipped="0" errors="0" time="102.15535899999999">
<testsuite name="e2e/search/search.spec.js" timestamp="2026-02-15T16:36:18.190Z" hostname="chromium" tests="6" failures="0" skipped="0" time="94.814" errors="0">
<testcase name="DuckDuckGo Search @e2e @search › TC001: Should search with valid term @smoke @regression" classname="e2e/search/search.spec.js" time="21.911">
</testcase>
<testcase name="DuckDuckGo Search @e2e @search › TC002: Should verify search results page URL @smoke" classname="e2e/search/search.spec.js" time="23.769">
</testcase>
<testcase name="DuckDuckGo Search @e2e @search › TC006: Should retrieve result count @smoke" classname="e2e/search/search.spec.js" time="15.789">
</testcase>
<testcase name="DuckDuckGo Search Smoke Tests › SMOKE001: Homepage loads successfully @smoke" classname="e2e/search/search.spec.js" time="4.42">
</testcase>
<testcase name="DuckDuckGo Search Smoke Tests › SMOKE002: Basic search works @smoke" classname="e2e/search/search.spec.js" time="19.705">
</testcase>
<testcase name="DuckDuckGo Search Smoke Tests › SMOKE003: Search box is visible @smoke" classname="e2e/search/search.spec.js" time="9.22">
</testcase>
</testsuite>
<testsuite name="e2e/smoke/smoke.spec.js" timestamp="2026-02-15T16:36:18.190Z" hostname="chromium" tests="4" failures="0" skipped="0" time="47.979" errors="0">
<testcase name="DuckDuckGo Smoke Tests @smoke › SM001: Application homepage is accessible @smoke" classname="e2e/smoke/smoke.spec.js" time="7.226">
</testcase>
<testcase name="DuckDuckGo Smoke Tests @smoke › SM002: Search functionality is operational @smoke" classname="e2e/smoke/smoke.spec.js" time="13.954">
</testcase>
<testcase name="DuckDuckGo Smoke Tests @smoke › SM003: Search returns results @smoke" classname="e2e/smoke/smoke.spec.js" time="12.823">
</testcase>
<testcase name="DuckDuckGo Smoke Tests @smoke › SM004: Result links are clickable @smoke" classname="e2e/smoke/smoke.spec.js" time="13.976">
</testcase>
</testsuite>
<testsuite name="e2e/search/search.spec.js" timestamp="2026-02-15T16:36:18.190Z" hostname="firefox" tests="6" failures="0" skipped="0" time="67.132" errors="0">
<testcase name="DuckDuckGo Search @e2e @search › TC001: Should search with valid term @smoke @regression" classname="e2e/search/search.spec.js" time="15.526">
</testcase>
<testcase name="DuckDuckGo Search @e2e @search › TC002: Should verify search results page URL @smoke" classname="e2e/search/search.spec.js" time="13.521">
</testcase>
<testcase name="DuckDuckGo Search @e2e @search › TC006: Should retrieve result count @smoke" classname="e2e/search/search.spec.js" time="14.158">
</testcase>
<testcase name="DuckDuckGo Search Smoke Tests › SMOKE001: Homepage loads successfully @smoke" classname="e2e/search/search.spec.js" time="8.583">
</testcase>
<testcase name="DuckDuckGo Search Smoke Tests › SMOKE002: Basic search works @smoke" classname="e2e/search/search.spec.js" time="10.534">
</testcase>
<testcase name="DuckDuckGo Search Smoke Tests › SMOKE003: Search box is visible @smoke" classname="e2e/search/search.spec.js" time="4.81">
</testcase>
</testsuite>
<testsuite name="e2e/smoke/smoke.spec.js" timestamp="2026-02-15T16:36:18.190Z" hostname="firefox" tests="4" failures="0" skipped="0" time="37.344" errors="0">
<testcase name="DuckDuckGo Smoke Tests @smoke › SM001: Application homepage is accessible @smoke" classname="e2e/smoke/smoke.spec.js" time="6.112">
</testcase>
<testcase name="DuckDuckGo Smoke Tests @smoke › SM002: Search functionality is operational @smoke" classname="e2e/smoke/smoke.spec.js" time="10.295">
</testcase>
<testcase name="DuckDuckGo Smoke Tests @smoke › SM003: Search returns results @smoke" classname="e2e/smoke/smoke.spec.js" time="11.869">
</testcase>
<testcase name="DuckDuckGo Smoke Tests @smoke › SM004: Result links are clickable @smoke" classname="e2e/smoke/smoke.spec.js" time="9.068">
</testcase>
</testsuite>
<testsuite name="e2e/search/search.spec.js" timestamp="2026-02-15T16:36:18.190Z" hostname="webkit" tests="6" failures="0" skipped="0" time="52.8" errors="0">
<testcase name="DuckDuckGo Search @e2e @search › TC001: Should search with valid term @smoke @regression" classname="e2e/search/search.spec.js" time="13.659">
</testcase>
<testcase name="DuckDuckGo Search @e2e @search › TC002: Should verify search results page URL @smoke" classname="e2e/search/search.spec.js" time="13.931">
</testcase>
<testcase name="DuckDuckGo Search @e2e @search › TC006: Should retrieve result count @smoke" classname="e2e/search/search.spec.js" time="13.015">
</testcase>
<testcase name="DuckDuckGo Search Smoke Tests › SMOKE001: Homepage loads successfully @smoke" classname="e2e/search/search.spec.js" time="2.24">
</testcase>
<testcase name="DuckDuckGo Search Smoke Tests › SMOKE002: Basic search works @smoke" classname="e2e/search/search.spec.js" time="8.22">
</testcase>
<testcase name="DuckDuckGo Search Smoke Tests › SMOKE003: Search box is visible @smoke" classname="e2e/search/search.spec.js" time="1.735">
</testcase>
</testsuite>
<testsuite name="e2e/smoke/smoke.spec.js" timestamp="2026-02-15T16:36:18.190Z" hostname="webkit" tests="4" failures="0" skipped="0" time="50.005" errors="0">
<testcase name="DuckDuckGo Smoke Tests @smoke › SM001: Application homepage is accessible @smoke" classname="e2e/smoke/smoke.spec.js" time="5.276">
</testcase>
<testcase name="DuckDuckGo Smoke Tests @smoke › SM002: Search functionality is operational @smoke" classname="e2e/smoke/smoke.spec.js" time="14.401">
</testcase>
<testcase name="DuckDuckGo Smoke Tests @smoke › SM003: Search returns results @smoke" classname="e2e/smoke/smoke.spec.js" time="13.408">
</testcase>
<testcase name="DuckDuckGo Smoke Tests @smoke › SM004: Result links are clickable @smoke" classname="e2e/smoke/smoke.spec.js" time="16.92">
</testcase>
</testsuite>
</testsuites>